[02/13/21, 14:24:16:944] info: Feb-13 14:24:16.940 [SERVICE-WORKER] putting asset in cache https://a.slack-edge.com/bv1-9/app-popouts-boot-styles.1389841.css 
{
  "versionId": 29
}
[02/13/21, 14:24:16:950] info: Feb-13 14:24:16.940 [SERVICE-WORKER] putting asset in cache https://a.slack-edge.com/bv1-9/app-popouts-boot-styles.9fe24d4.min.js 
{
  "versionId": 29
}
[02/13/21, 14:24:16:950] info: Feb-13 14:24:16.940 [SERVICE-WORKER] putting asset in cache https://a.slack-edge.com/bv1-9/docs-boot.ca6b9d9.min.js 
{
  "versionId": 29
}
[02/13/21, 14:24:16:950] info: Feb-13 14:24:16.940 [SERVICE-WORKER] putting asset in cache https://a.slack-edge.com/bv1-9/docs-boot-styles.4eea0e7.css 
{
  "versionId": 29
}
[02/13/21, 14:24:16:950] info: Feb-13 14:24:16.940 [SERVICE-WORKER] putting asset in cache https://a.slack-edge.com/bv1-9/gantry-v2-async-analytics-channels.43ef189.css 
{
  "versionId": 29
}
[02/13/21, 14:24:16:950] info: Feb-13 14:24:16.941 [SERVICE-WORKER] putting asset in cache https://a.slack-edge.com/bv1-9/gantry-v2-async-analytics-channels.1cd5bfe.min.js 
{
  "versionId": 29
}
[02/13/21, 14:24:16:950] info: Feb-13 14:24:16.941 [SERVICE-WORKER] putting asset in cache https://a.slack-edge.com/bv1-9/docs-boot-styles.3d4c187.min.js 
{
  "versionId": 29
}
[02/13/21, 14:24:16:950] info: Feb-13 14:24:16.941 [SERVICE-WORKER] putting asset in cache https://a.slack-edge.com/bv1-9/gantry-v2-async-analytics-members.3bb285f.min.js 
{
  "versionId": 29
}
[02/13/21, 14:24:16:950] info: Feb-13 14:24:16.941 [SERVICE-WORKER] putting asset in cache https://a.slack-edge.com/bv1-9/gantry-v2-async-analytics-members.cb666cd.css 
{
  "versionId": 29
}
[02/13/21, 14:24:16:950] info: Feb-13 14:24:16.941 [SERVICE-WORKER] putting asset in cache https://a.slack-edge.com/bv1-9/gantry-v2-async-analytics-overview.5cd7420.css 
{
  "versionId": 29
}
[02/13/21, 14:24:16:950] info: Feb-13 14:24:16.941 [SERVICE-WORKER] putting asset in cache https://a.slack-edge.com/bv1-9/gantry-v2-async-analytics-overview.618d200.min.js 
{
  "versionId": 29
}
[02/13/21, 14:24:16:950] info: Feb-13 14:24:16.941 [SERVICE-WORKER] putting asset in cache https://a.slack-edge.com/bv1-9/gantry-v2-async-analytics-teams.13a28e8.css 
{
  "versionId": 29
}
[02/13/21, 14:24:16:950] info: Feb-13 14:24:16.941 [SERVICE-WORKER] putting asset in cache https://a.slack-edge.com/bv1-9/gantry-v2-async-analytics-teams.5833899.min.js 
{
  "versionId": 29
}
[02/13/21, 14:24:16:950] info: Feb-13 14:24:16.943 [SERVICE-WORKER] putting asset in cache https://a.slack-edge.com/bv1-9/gantry-v2-async-app-popouts-boot-data.70903d1.min.js 
{
  "versionId": 29
}
[02/13/21, 14:24:16:950] info: Feb-13 14:24:16.944 [SERVICE-WORKER] putting asset in cache https://a.slack-edge.com/bv1-9/gantry-v2-async-app-popouts-boot-render.fd57350.min.js 
{
  "versionId": 29
}
[02/13/21, 14:24:16:950] info: Feb-13 14:24:16.945 [SERVICE-WORKER] putting asset in cache https://a.slack-edge.com/bv1-9/gantry-v2-async-audit-logs.d4c4207.css 
{
  "versionId": 29
}
[02/13/21, 14:24:16:950] info: Feb-13 14:24:16.945 [SERVICE-WORKER] putting asset in cache https://a.slack-edge.com/bv1-9/gantry-v2-async-audit-logs.8a6bb45.min.js 
{
  "versionId": 29
}
[02/13/21, 14:24:16:950] info: Feb-13 14:24:16.945 [SERVICE-WORKER] putting asset in cache https://a.slack-edge.com/bv1-9/gantry-v2-async-billing-overview.00aa3d0.css 
{
  "versionId": 29
}
[02/13/21, 14:24:16:950] info: Feb-13 14:24:16.945 [SERVICE-WORKER] putting asset in cache https://a.slack-edge.com/bv1-9/gantry-v2-async-billing-overview.a2a6bb3.min.js 
{
  "versionId": 29
}
[02/13/21, 14:24:16:950] info: Feb-13 14:24:16.945 [SERVICE-WORKER] putting asset in cache https://a.slack-edge.com/bv1-9/gantry-v2-async-channel-admin.9c495c9.css 
{
  "versionId": 29
}
[02/13/21, 14:24:16:950] info: Feb-13 14:24:16.945 [SERVICE-WORKER] putting asset in cache https://a.slack-edge.com/bv1-9/gantry-v2-async-channel-admin.90cb66e.min.js 
{
  "versionId": 29
}
[02/13/21, 14:24:16:950] info: Feb-13 14:24:16.945 [SERVICE-WORKER] putting asset in cache https://a.slack-edge.com/bv1-9/gantry-v2-async-channel-mgmt.fb28325.css 
{
  "versionId": 29
}
[02/13/21, 14:24:16:950] info: Feb-13 14:24:16.945 [SERVICE-WORKER] putting asset in cache https://a.slack-edge.com/bv1-9/gantry-v2-async-channel-mgmt.38c222e.min.js 
{
  "versionId": 29
}
[02/13/21, 14:24:16:950] info: Feb-13 14:24:16.945 [SERVICE-WORKER] putting asset in cache https://a.slack-edge.com/bv1-9/gantry-v2-async-client-boot-imports.befb20d.min.js 
{
  "versionId": 29
}
[02/13/21, 14:24:16:950] info: Feb-13 14:24:16.945 [SERVICE-WORKER] putting asset in cache https://a.slack-edge.com/bv1-9/gantry-v2-async-dashboard-exports.838a08f.css 
{
  "versionId": 29
}
[02/13/21, 14:24:16:951] info: Feb-13 14:24:16.945 [SERVICE-WORKER] putting asset in cache https://a.slack-edge.com/bv1-9/gantry-v2-async-client-lazy-components.de9df35.min.js 
{
  "versionId": 29
}
[02/13/21, 14:24:16:951] info: Feb-13 14:24:16.946 [SERVICE-WORKER] putting asset in cache https://a.slack-edge.com/bv1-9/gantry-v2-async-dashboard-exports.19546e4.min.js 
{
  "versionId": 29
}
[02/13/21, 14:24:16:951] info: Feb-13 14:24:16.946 [SERVICE-WORKER] putting asset in cache https://a.slack-edge.com/bv1-9/gantry-v2-async-dashboard-home.fe29070.min.js 
{
  "versionId": 29
}
[02/13/21, 14:24:16:951] info: Feb-13 14:24:16.946 [SERVICE-WORKER] putting asset in cache https://a.slack-edge.com/bv1-9/gantry-v2-async-dashboard-legal-holds.1141889.min.js 
{
  "versionId": 29
}
[02/13/21, 14:24:16:951] info: Feb-13 14:24:16.946 [SERVICE-WORKER] putting asset in cache https://a.slack-edge.com/bv1-9/gantry-v2-async-dashboard-legal-holds.fd332bb.css 
{
  "versionId": 29
}
[02/13/21, 14:24:16:951] info: Feb-13 14:24:16.946 [SERVICE-WORKER] putting asset in cache https://a.slack-edge.com/bv1-9/gantry-v2-async-docs-boot-data.f13218b.min.js 
{
  "versionId": 29
}
[02/13/21, 14:24:16:951] info: Feb-13 14:24:16.946 [SERVICE-WORKER] putting asset in cache https://a.slack-edge.com/bv1-9/gantry-v2-async-docs-boot-imports.5359ac6.min.js 
{
  "versionId": 29
}
[02/13/21, 14:24:16:951] info: Feb-13 14:24:16.946 [SERVICE-WORKER] putting asset in cache https://a.slack-edge.com/bv1-9/gantry-v2-async-docs-boot-render.067c57f.min.js 
{
  "versionId": 29
}
[02/13/21, 14:24:16:951] info: Feb-13 14:24:16.946 [SERVICE-WORKER] putting asset in cache https://a.slack-edge.com/bv1-9/gantry-v2-async-ekm-view.6ca6534.css 
{
  "versionId": 29
}
[02/13/21, 14:24:16:951] info: Feb-13 14:24:16.946 [SERVICE-WORKER] putting asset in cache https://a.slack-edge.com/bv1-9/gantry-v2-async-gantry-v2-async-gantry-v2-default-boot-data.a119bfd.min.js 
{
  "versionId": 29
}
[02/13/21, 14:24:17:005] info: Feb-13 14:24:17.500 [SERVICE-WORKER] putting asset in cache https://a.slack-edge.com/bv1-9/gantry-v2-async-client-boot-imports.6789373.css 
{
  "versionId": 29
}
[02/13/21, 14:24:17:006] info: Feb-13 14:24:17.600 [SERVICE-WORKER] putting asset in cache https://a.slack-edge.com/bv1-9/gantry-v2-async-ekm-view.40b4149.min.js 
{
  "versionId": 29
}
[02/13/21, 14:24:17:006] info: Feb-13 14:24:17.600 [SERVICE-WORKER] putting asset in cache https://a.slack-edge.com/bv1-9/gantry-v2-async-gantry-v2-async-gantry-v2-default-boot-shared.9e547b3.min.js 
{
  "versionId": 29
}
[02/13/21, 14:24:17:007] info: Feb-13 14:24:17.600 [SERVICE-WORKER] putting asset in cache https://a.slack-edge.com/bv1-9/gantry-v2-async-gantry-v2-boot-fallback-view.5983c8f.css 
{
  "versionId": 29
}
[02/13/21, 14:24:17:007] info: Feb-13 14:24:17.600 [SERVICE-WORKER] putting asset in cache https://a.slack-edge.com/bv1-9/gantry-v2-async-gantry-v2-boot-fallback-view.f8d0dc4.min.js 
{
  "versionId": 29
}
[02/13/21, 14:24:17:007] info: Feb-13 14:24:17.600 [SERVICE-WORKER] putting asset in cache https://a.slack-edge.com/bv1-9/gantry-v2-async-info-barriers.57a2131.css 
{
  "versionId": 29
}
[02/13/21, 14:24:17:007] info: Feb-13 14:24:17.600 [SERVICE-WORKER] putting asset in cache https://a.slack-edge.com/bv1-9/gantry-v2-async-info-barriers.aae0da6.min.js 
{
  "versionId": 29
}
[02/13/21, 14:24:17:007] info: Feb-13 14:24:17.600 [SERVICE-WORKER] putting asset in cache https://a.slack-edge.com/bv1-9/gantry-v2-async-messages-and-file-settings.d15034c.min.js 
{
  "versionId": 29
}
[02/13/21, 14:24:17:019] info: Feb-13 14:24:17.180 [SERVICE-WORKER] putting asset in cache https://a.slack-edge.com/bv1-9/gantry-v2-async-org-info-features.74f7384.css 
{
  "versionId": 29
}
[02/13/21, 14:24:17:028] info: Feb-13 14:24:17.270 [SERVICE-WORKER] putting asset in cache https://a.slack-edge.com/bv1-9/gantry-v2-async-migration-table.c4ad230.min.js 
{
  "versionId": 29
}
[02/13/21, 14:24:17:030] info: Feb-13 14:24:17.270 [SERVICE-WORKER] putting asset in cache https://a.slack-edge.com/bv1-9/gantry-v2-async-migration-table.0e40ebf.css 
{
  "versionId": 29
}
[02/13/21, 14:24:17:030] info: Feb-13 14:24:17.300 [SERVICE-WORKER] putting asset in cache https://a.slack-edge.com/bv1-9/gantry-v2-async-org-info-features.1d91240.min.js 
{
  "versionId": 29
}
[02/13/21, 14:24:17:031] info: Feb-13 14:24:17.300 [SERVICE-WORKER] putting asset in cache https://a.slack-edge.com/bv1-9/gantry-v2-async-org-level-group-details.ddb6fa7.min.js 
{
  "versionId": 29
}
[02/13/21, 14:24:17:031] info: Feb-13 14:24:17.300 [SERVICE-WORKER] putting asset in cache https://a.slack-edge.com/bv1-9/gantry-v2-async-org-level-group-details.26d7384.css 
{
  "versionId": 29
}
[02/13/21, 14:24:17:031] info: Feb-13 14:24:17.300 [SERVICE-WORKER] putting asset in cache https://a.slack-edge.com/bv1-9/gantry-v2-async-org-level-user-groups.1cc72a8.min.js 
{
  "versionId": 29
}
[02/13/21, 14:24:17:031] info: Feb-13 14:24:17.300 [SERVICE-WORKER] putting asset in cache https://a.slack-edge.com/bv1-9/gantry-v2-async-org-members.d9da70d.css 
{
  "versionId": 29
}
[02/13/21, 14:24:17:033] info: Feb-13 14:24:17.320 [SERVICE-WORKER] putting asset in cache https://a.slack-edge.com/bv1-9/gantry-v2-async-org-members.6f58596.min.js 
{
  "versionId": 29
}
[02/13/21, 14:24:17:033] info: Feb-13 14:24:17.320 [SERVICE-WORKER] putting asset in cache https://a.slack-edge.com/bv1-9/gantry-v2-async-org-wide-settings-pane.f2fb246.css 
{
  "versionId": 29
}
[02/13/21, 14:24:17:033] info: Feb-13 14:24:17.320 [SERVICE-WORKER] putting asset in cache https://a.slack-edge.com/bv1-9/gantry-v2-async-org-wide-settings-pane.5b54ab9.min.js 
{
  "versionId": 29
}
[02/13/21, 14:24:17:033] info: Feb-13 14:24:17.320 [SERVICE-WORKER] putting asset in cache https://a.slack-edge.com/bv1-9/gantry-v2-async-org-wide-teams-details.57e156f.css 
{
  "versionId": 29
}
[02/13/21, 14:24:17:034] info: Feb-13 14:24:17.320 [SERVICE-WORKER] putting asset in cache https://a.slack-edge.com/bv1-9/gantry-v2-async-relay-environment-provider.2b6a0d9.min.js 
{
  "versionId": 29
}
[02/13/21, 14:24:17:034] info: Feb-13 14:24:17.320 [SERVICE-WORKER] putting asset in cache https://a.slack-edge.com/bv1-9/gantry-v2-async-roles-mgmt.5e60ebb.css 
{
  "versionId": 29
}
[02/13/21, 14:24:17:034] info: Feb-13 14:24:17.320 [SERVICE-WORKER] putting asset in cache https://a.slack-edge.com/bv1-9/gantry-v2-async-roles-mgmt.cb12dde.min.js 
{
  "versionId": 29
}
[02/13/21, 14:24:17:034] info: Feb-13 14:24:17.320 [SERVICE-WORKER] putting asset in cache https://a.slack-edge.com/bv1-9/gantry-v2-async-security-preferences-view.e7d345c.css 
{
  "versionId": 29
}
[02/13/21, 14:24:17:034] info: Feb-13 14:24:17.320 [SERVICE-WORKER] putting asset in cache https://a.slack-edge.com/bv1-9/gantry-v2-async-shared-channels.deccfee.css 
{
  "versionId": 29
}
[02/13/21, 14:24:17:034] info: Feb-13 14:24:17.320 [SERVICE-WORKER] putting asset in cache https://a.slack-edge.com/bv1-9/gantry-v2-async-org-level-user-groups.24e7e72.css 
{
  "versionId": 29
}
[02/13/21, 14:24:17:035] info: Feb-13 14:24:17.330 [SERVICE-WORKER] putting asset in cache https://a.slack-edge.com/bv1-9/gantry-v2-async-org-wide-teams-details.eaff0d3.min.js 
{
  "versionId": 29
}
[02/13/21, 14:24:17:035] info: Feb-13 14:24:17.330 [SERVICE-WORKER] putting asset in cache https://a.slack-edge.com/bv1-9/gantry-v2-async-security-preferences-view.02687ff.min.js 
{
  "versionId": 29
}
[02/13/21, 14:24:17:035] info: Feb-13 14:24:17.330 [SERVICE-WORKER] putting asset in cache https://a.slack-edge.com/bv1-9/gantry-v2-async-shared-channels.a7f7cf4.min.js 
{
  "versionId": 29
}
[02/13/21, 14:24:17:035] info: Feb-13 14:24:17.330 [SERVICE-WORKER] putting asset in cache https://a.slack-edge.com/bv1-9/gantry-v2-async-slack-connect-connections.fd33e73.min.js 
{
  "versionId": 29
}
[02/13/21, 14:24:17:035] info: Feb-13 14:24:17.330 [SERVICE-WORKER] putting asset in cache https://a.slack-edge.com/bv1-9/gantry-v2-async-slack-connect-settings.309a9e6.css 
{
  "versionId": 29
}
[02/13/21, 14:24:17:035] info: Feb-13 14:24:17.330 [SERVICE-WORKER] putting asset in cache https://a.slack-edge.com/bv1-9/gantry-v2-async-sso-preferences-overview.3652cf4.css 
{
  "versionId": 29
}
[02/13/21, 14:24:17:036] info: Feb-13 14:24:17.330 [SERVICE-WORKER] putting asset in cache https://a.slack-edge.com/bv1-9/gantry-v2-async-tasks-table.c49cc30.css 
{
  "versionId": 29
}
[02/13/21, 14:24:17:036] info: Feb-13 14:24:17.330 [SERVICE-WORKER] putting asset in cache https://a.slack-edge.com/bv1-9/gantry-v2-async-tasks-table.2e917c0.min.js 
{
  "versionId": 29
}
[02/13/21, 14:24:17:036] info: Feb-13 14:24:17.330 [SERVICE-WORKER] putting asset in cache https://a.slack-edge.com/bv1-9/gantry-v2-async-voice-focus-device-transformer-import.7ebe2f0.min.js 
{
  "versionId": 29
}
[02/13/21, 14:24:17:036] info: Feb-13 14:24:17.330 [SERVICE-WORKER] putting asset in cache https://a.slack-edge.com/bv1-9/gantry-v2-async-workflow-builder-boot-render.b237a99.min.js 
{
  "versionId": 29
}
[02/13/21, 14:24:17:036] info: Feb-13 14:24:17.330 [SERVICE-WORKER] putting asset in cache https://a.slack-edge.com/bv1-9/gantry-v2-async-workflow-builder-boot-data.9964f8f.min.js 
{
  "versionId": 29
}
[02/13/21, 14:24:17:036] info: Feb-13 14:24:17.330 [SERVICE-WORKER] putting asset in cache https://a.slack-edge.com/bv1-9/gantry-v2-async-workflow-builder-extension-step-modal-content.eb5150e.min.js 
{
  "versionId": 29
}
[02/13/21, 14:24:17:036] info: Feb-13 14:24:17.330 [SERVICE-WORKER] putting asset in cache https://a.slack-edge.com/bv1-9/gantry-v2-async-workflow-builder-page-workflow-version.956f0eb.min.js 
{
  "versionId": 29
}
[02/13/21, 14:24:17:037] info: Feb-13 14:24:17.330 [SERVICE-WORKER] putting asset in cache https://a.slack-edge.com/bv1-9/gantry-v2-async-workspaces-view.8bfb991.css 
{
  "versionId": 29
}
[02/13/21, 14:24:17:037] info: Feb-13 14:24:17.330 [SERVICE-WORKER] putting asset in cache https://a.slack-edge.com/bv1-9/gantry-v2-async-workflow-builder-segment-form-dialog.bd77ffd.min.js 
{
  "versionId": 29
}
[02/13/21, 14:24:17:037] info: Feb-13 14:24:17.330 [SERVICE-WORKER] putting asset in cache https://a.slack-edge.com/bv1-9/gantry-v2-shared.363d9f9.min.js 
{
  "versionId": 29
}
[02/13/21, 14:24:17:038] info: Feb-13 14:24:17.340 [SERVICE-WORKER] putting asset in cache https://a.slack-edge.com/bv1-9/gantry-v2-async-workflow-builder-segment-form-scheduled.a47d182.min.js 
{
  "versionId": 29
}
[02/13/21, 14:24:17:038] info: Feb-13 14:24:17.340 [SERVICE-WORKER] putting asset in cache https://a.slack-edge.com/bv1-9/gantry-v2-async-workflow-builder-segment-form-slack-function.0b83871.min.js 
{
  "versionId": 29
}
[02/13/21, 14:24:17:039] info: Feb-13 14:24:17.340 [SERVICE-WORKER] putting asset in cache https://a.slack-edge.com/bv1-9/gantry-v2-async-slack-connect-connections.f133c18.css 
{
  "versionId": 29
}
[02/13/21, 14:24:17:039] info: Feb-13 14:24:17.340 [SERVICE-WORKER] putting asset in cache https://a.slack-edge.com/bv1-9/gantry-v2-async-slack-connect-settings.985402a.min.js 
{
  "versionId": 29
}
[02/13/21, 14:24:17:039] info: Feb-13 14:24:17.340 [SERVICE-WORKER] putting asset in cache https://a.slack-edge.com/bv1-9/gantry-v2-async-sso-preferences-overview.da5064f.min.js 
{
  "versionId": 29
}
[02/13/21, 14:24:17:039] info: Feb-13 14:24:17.340 [SERVICE-WORKER] putting asset in cache https://a.slack-edge.com/bv1-9/gantry-v2-async-workflow-builder-segment-form-message.7c14f35.min.js 
{
  "versionId": 29
}
[02/13/21, 14:24:17:039] info: Feb-13 14:24:17.340 [SERVICE-WORKER] putting asset in cache https://a.slack-edge.com/bv1-9/gantry-v2-async-workspaces-view.84e4627.min.js 
{
  "versionId": 29
}
[02/13/21, 14:24:17:039] info: Feb-13 14:24:17.340 [SERVICE-WORKER] putting asset in cache https://a.slack-edge.com/bv1-9/gantry-v2-vendors.a7140ea.min.js 
{
  "versionId": 29
}
[02/13/21, 14:24:17:039] info: Feb-13 14:24:17.340 [SERVICE-WORKER] putting asset in cache https://a.slack-edge.com/bv1-9/gantry-v2-manifest.4e7be57.min.js 
{
  "versionId": 29
}
[02/13/21, 14:24:17:039] info: Feb-13 14:24:17.340 [SERVICE-WORKER] putting asset in cache https://a.slack-edge.com/bv1-9/gantry-v2-vendors-async-app-popouts.27c3d6b.min.js 
{
  "versionId": 29
}
[02/13/21, 14:24:17:040] info: Feb-13 14:24:17.340 [SERVICE-WORKER] putting asset in cache https://a.slack-edge.com/bv1-9/gantry-v2-vendors-async-docs.773a939.min.js 
{
  "versionId": 29
}
[02/13/21, 14:24:17:040] info: Feb-13 14:24:17.340 [SERVICE-WORKER] putting asset in cache https://a.slack-edge.com/bv1-9/gantry-v2-vendors-async.e1a03b8.min.js 
{
  "versionId": 29
}
[02/13/21, 14:24:17:040] info: Feb-13 14:24:17.340 [SERVICE-WORKER] putting asset in cache https://a.slack-edge.com/bv1-9/gantry-v2-vendors-async-workflow-builder.5e1cf76.min.js 
{
  "versionId": 29
}
[02/13/21, 14:24:17:040] info: Feb-13 14:24:17.340 [SERVICE-WORKER] putting asset in cache https://a.slack-edge.com/bv1-9/vendors~gantry-v2-async-client-boot-imports~gantry-v2-async-voice-focus-device-transformer-import.0a42f16.min.js 
{
  "versionId": 29
}
[02/13/21, 14:24:17:041] info: Feb-13 14:24:17.340 [SERVICE-WORKER] putting asset in cache https://a.slack-edge.com/bv1-9/vendors~gantry-v2-async-client-boot-imports.c64cf13.min.js 
{
  "versionId": 29
}
[02/13/21, 14:24:17:062] info: Feb-13 14:24:17.620 [SERVICE-WORKER] responding with fetch https://slack-imgs.com/ 
{
  "versionId": 28
}
[02/13/21, 14:24:17:230] info: Feb-13 14:24:17.230 [SERVICE-WORKER] putting asset in cache https://a.slack-edge.com/bv1-9/vendors~gantry-v2-async-relay-environment-provider.8c7fb85.min.js 
{
  "versionId": 29
}
[02/13/21, 14:24:17:230] info: Feb-13 14:24:17.230 [SERVICE-WORKER] putting asset in cache https://a.slack-edge.com/bv1-9/workflow-builder-boot-styles.abba580.min.js 
{
  "versionId": 29
}
[02/13/21, 14:24:17:230] info: Feb-13 14:24:17.230 [SERVICE-WORKER] putting asset in cache https://a.slack-edge.com/bv1-9/workflow-builder-boot-styles.e18e676.css 
{
  "versionId": 29
}
[02/13/21, 14:24:22:437] info: Feb-13 14:24:22.436 [SERVICE-WORKER] All files fetched and put in cache 6011.319999999998ms 
{
  "versionId": 29
}
[02/13/21, 14:24:22:467] info: Feb-13 14:24:22.467 [SERVICE-WORKER] attempting to cache API request 'https://theoriginorie-5ib8748.slack.com/api/experiments.getByUser?_x_gantry=true&_x_user_id=U01A0E9KJSU&token=[REDACTED]' and returning early 
{
  "versionId": 29
}
[02/13/21, 14:24:22:468] info: Feb-13 14:24:22.467 [SERVICE-WORKER] fetching asset https://theoriginorie-5ib8748.slack.com/api/experiments.getByUser?_x_gantry=true&_x_user_id=U01A0E9KJSU&token=[REDACTED] 
{
  "versionId": 29
}
[02/13/21, 14:24:22:471] info: Feb-13 14:24:22.470 [SERVICE-WORKER] attempting to cache API request 'https://theoriginorie-5ib8748.slack.com/api/api.features?_x_gantry=true&_x_team_id=T010ZCJA945&platform=sonic&token=[REDACTED]' and returning early 
{
  "versionId": 29
}
[02/13/21, 14:24:22:471] info: Feb-13 14:24:22.470 [SERVICE-WORKER] fetching asset https://theoriginorie-5ib8748.slack.com/api/api.features?_x_gantry=true&_x_team_id=T010ZCJA945&platform=sonic&token=[REDACTED] 
{
  "versionId": 29
}
[02/13/21, 14:24:22:527] info: Feb-13 14:24:22.527 [SERVICE-WORKER] putting asset in cache https://theoriginorie-5ib8748.slack.com/api/api.features?_x_gantry=true&_x_team_id=T010ZCJA945&platform=sonic&token=[REDACTED] 
{
  "versionId": 29
}
[02/13/21, 14:24:22:551] info: Feb-13 14:24:22.551 [SERVICE-WORKER] putting asset in cache https://theoriginorie-5ib8748.slack.com/api/experiments.getByUser?_x_gantry=true&_x_user_id=U01A0E9KJSU&token=[REDACTED] 
{
  "versionId": 29
}
[02/13/21, 14:24:23:441] info: Feb-13 14:24:23.441 [SERVICE-WORKER] activate event [object ExtendableEvent] 
{
  "versionId": 29
}
[02/13/21, 14:24:23:441] info: Feb-13 14:24:23.441 [SERVICE-WORKER] purged cache of old cache bucket gantry-1611975711 
{
  "versionId": 29
}
[02/13/21, 19:01:41:281] info: Feb-13 19:01:41.280 [SERVICE-WORKER] responding with fetch https://slack-imgs.com/ 
{
  "versionId": 29
}
